DEBUG   vm:primary_loop  
ControlUnit: IP=0 DataPath: regs = [0, 0, 0, 0, 0, 0, 0, 0, 0, 0, 0, 0, 0, 0, 0, 0]
address: 0, instr: ldc, args: [0, 0]

DEBUG   vm:primary_loop  
ControlUnit: IP=1 DataPath: regs = [0, 0, 0, 0, 0, 0, 0, 0, 0, 0, 0, 0, 0, 0, 0, 0]
address: 1, instr: ld, args: [1, 0]

DEBUG   vm:primary_loop  
ControlUnit: IP=2 DataPath: regs = [0, 12, 0, 0, 0, 0, 0, 0, 0, 0, 0, 0, 0, 0, 0, 0]
address: 2, instr: dec, args: [1]

DEBUG   vm:primary_loop  
ControlUnit: IP=3 DataPath: regs = [0, 11, 0, 0, 0, 0, 0, 0, 0, 0, 0, 0, 0, 0, 0, 0]
address: 3, instr: inc, args: [0]

DEBUG   vm:primary_loop  
ControlUnit: IP=4 DataPath: regs = [1, 11, 0, 0, 0, 0, 0, 0, 0, 0, 0, 0, 0, 0, 0, 0]
address: 4, instr: ld, args: [2, 0]

DEBUG   vm:primary_loop  
ControlUnit: IP=5 DataPath: regs = [1, 11, 72, 0, 0, 0, 0, 0, 0, 0, 0, 0, 0, 0, 0, 0]
address: 5, instr: out, args: [2]

DEBUG   vm:primary_loop  
ControlUnit: IP=6 DataPath: regs = [1, 11, 72, 0, 0, 0, 0, 0, 0, 0, 0, 0, 0, 0, 0, 0]
address: 6, instr: dec, args: [1]

DEBUG   vm:primary_loop  
ControlUnit: IP=7 DataPath: regs = [1, 10, 72, 0, 0, 0, 0, 0, 0, 0, 0, 0, 0, 0, 0, 0]
address: 7, instr: jge, args: [1, 3]

DEBUG   vm:primary_loop  
ControlUnit: IP=3 DataPath: regs = [1, 10, 72, 0, 0, 0, 0, 0, 0, 0, 0, 0, 0, 0, 0, 0]
address: 3, instr: inc, args: [0]

DEBUG   vm:primary_loop  
ControlUnit: IP=4 DataPath: regs = [2, 10, 72, 0, 0, 0, 0, 0, 0, 0, 0, 0, 0, 0, 0, 0]
address: 4, instr: ld, args: [2, 0]

DEBUG   vm:primary_loop  
ControlUnit: IP=5 DataPath: regs = [2, 10, 101, 0, 0, 0, 0, 0, 0, 0, 0, 0, 0, 0, 0, 0]
address: 5, instr: out, args: [2]

DEBUG   vm:primary_loop  
ControlUnit: IP=6 DataPath: regs = [2, 10, 101, 0, 0, 0, 0, 0, 0, 0, 0, 0, 0, 0, 0, 0]
address: 6, instr: dec, args: [1]

DEBUG   vm:primary_loop  
ControlUnit: IP=7 DataPath: regs = [2, 9, 101, 0, 0, 0, 0, 0, 0, 0, 0, 0, 0, 0, 0, 0]
address: 7, instr: jge, args: [1, 3]

DEBUG   vm:primary_loop  
ControlUnit: IP=3 DataPath: regs = [2, 9, 101, 0, 0, 0, 0, 0, 0, 0, 0, 0, 0, 0, 0, 0]
address: 3, instr: inc, args: [0]

DEBUG   vm:primary_loop  
ControlUnit: IP=4 DataPath: regs = [3, 9, 101, 0, 0, 0, 0, 0, 0, 0, 0, 0, 0, 0, 0, 0]
address: 4, instr: ld, args: [2, 0]

DEBUG   vm:primary_loop  
ControlUnit: IP=5 DataPath: regs = [3, 9, 108, 0, 0, 0, 0, 0, 0, 0, 0, 0, 0, 0, 0, 0]
address: 5, instr: out, args: [2]

DEBUG   vm:primary_loop  
ControlUnit: IP=6 DataPath: regs = [3, 9, 108, 0, 0, 0, 0, 0, 0, 0, 0, 0, 0, 0, 0, 0]
address: 6, instr: dec, args: [1]

DEBUG   vm:primary_loop  
ControlUnit: IP=7 DataPath: regs = [3, 8, 108, 0, 0, 0, 0, 0, 0, 0, 0, 0, 0, 0, 0, 0]
address: 7, instr: jge, args: [1, 3]

DEBUG   vm:primary_loop  
ControlUnit: IP=3 DataPath: regs = [3, 8, 108, 0, 0, 0, 0, 0, 0, 0, 0, 0, 0, 0, 0, 0]
address: 3, instr: inc, args: [0]

DEBUG   vm:primary_loop  
ControlUnit: IP=4 DataPath: regs = [4, 8, 108, 0, 0, 0, 0, 0, 0, 0, 0, 0, 0, 0, 0, 0]
address: 4, instr: ld, args: [2, 0]

DEBUG   vm:primary_loop  
ControlUnit: IP=5 DataPath: regs = [4, 8, 108, 0, 0, 0, 0, 0, 0, 0, 0, 0, 0, 0, 0, 0]
address: 5, instr: out, args: [2]

DEBUG   vm:primary_loop  
ControlUnit: IP=6 DataPath: regs = [4, 8, 108, 0, 0, 0, 0, 0, 0, 0, 0, 0, 0, 0, 0, 0]
address: 6, instr: dec, args: [1]

DEBUG   vm:primary_loop  
ControlUnit: IP=7 DataPath: regs = [4, 7, 108, 0, 0, 0, 0, 0, 0, 0, 0, 0, 0, 0, 0, 0]
address: 7, instr: jge, args: [1, 3]

DEBUG   vm:primary_loop  
ControlUnit: IP=3 DataPath: regs = [4, 7, 108, 0, 0, 0, 0, 0, 0, 0, 0, 0, 0, 0, 0, 0]
address: 3, instr: inc, args: [0]

DEBUG   vm:primary_loop  
ControlUnit: IP=4 DataPath: regs = [5, 7, 108, 0, 0, 0, 0, 0, 0, 0, 0, 0, 0, 0, 0, 0]
address: 4, instr: ld, args: [2, 0]

DEBUG   vm:primary_loop  
ControlUnit: IP=5 DataPath: regs = [5, 7, 111, 0, 0, 0, 0, 0, 0, 0, 0, 0, 0, 0, 0, 0]
address: 5, instr: out, args: [2]

DEBUG   vm:primary_loop  
ControlUnit: IP=6 DataPath: regs = [5, 7, 111, 0, 0, 0, 0, 0, 0, 0, 0, 0, 0, 0, 0, 0]
address: 6, instr: dec, args: [1]

DEBUG   vm:primary_loop  
ControlUnit: IP=7 DataPath: regs = [5, 6, 111, 0, 0, 0, 0, 0, 0, 0, 0, 0, 0, 0, 0, 0]
address: 7, instr: jge, args: [1, 3]

DEBUG   vm:primary_loop  
ControlUnit: IP=3 DataPath: regs = [5, 6, 111, 0, 0, 0, 0, 0, 0, 0, 0, 0, 0, 0, 0, 0]
address: 3, instr: inc, args: [0]

DEBUG   vm:primary_loop  
ControlUnit: IP=4 DataPath: regs = [6, 6, 111, 0, 0, 0, 0, 0, 0, 0, 0, 0, 0, 0, 0, 0]
address: 4, instr: ld, args: [2, 0]

DEBUG   vm:primary_loop  
ControlUnit: IP=5 DataPath: regs = [6, 6, 32, 0, 0, 0, 0, 0, 0, 0, 0, 0, 0, 0, 0, 0]
address: 5, instr: out, args: [2]

DEBUG   vm:primary_loop  
ControlUnit: IP=6 DataPath: regs = [6, 6, 32, 0, 0, 0, 0, 0, 0, 0, 0, 0, 0, 0, 0, 0]
address: 6, instr: dec, args: [1]

DEBUG   vm:primary_loop  
ControlUnit: IP=7 DataPath: regs = [6, 5, 32, 0, 0, 0, 0, 0, 0, 0, 0, 0, 0, 0, 0, 0]
address: 7, instr: jge, args: [1, 3]

DEBUG   vm:primary_loop  
ControlUnit: IP=3 DataPath: regs = [6, 5, 32, 0, 0, 0, 0, 0, 0, 0, 0, 0, 0, 0, 0, 0]
address: 3, instr: inc, args: [0]

DEBUG   vm:primary_loop  
ControlUnit: IP=4 DataPath: regs = [7, 5, 32, 0, 0, 0, 0, 0, 0, 0, 0, 0, 0, 0, 0, 0]
address: 4, instr: ld, args: [2, 0]

DEBUG   vm:primary_loop  
ControlUnit: IP=5 DataPath: regs = [7, 5, 87, 0, 0, 0, 0, 0, 0, 0, 0, 0, 0, 0, 0, 0]
address: 5, instr: out, args: [2]

DEBUG   vm:primary_loop  
ControlUnit: IP=6 DataPath: regs = [7, 5, 87, 0, 0, 0, 0, 0, 0, 0, 0, 0, 0, 0, 0, 0]
address: 6, instr: dec, args: [1]

DEBUG   vm:primary_loop  
ControlUnit: IP=7 DataPath: regs = [7, 4, 87, 0, 0, 0, 0, 0, 0, 0, 0, 0, 0, 0, 0, 0]
address: 7, instr: jge, args: [1, 3]

DEBUG   vm:primary_loop  
ControlUnit: IP=3 DataPath: regs = [7, 4, 87, 0, 0, 0, 0, 0, 0, 0, 0, 0, 0, 0, 0, 0]
address: 3, instr: inc, args: [0]

DEBUG   vm:primary_loop  
ControlUnit: IP=4 DataPath: regs = [8, 4, 87, 0, 0, 0, 0, 0, 0, 0, 0, 0, 0, 0, 0, 0]
address: 4, instr: ld, args: [2, 0]

DEBUG   vm:primary_loop  
ControlUnit: IP=5 DataPath: regs = [8, 4, 111, 0, 0, 0, 0, 0, 0, 0, 0, 0, 0, 0, 0, 0]
address: 5, instr: out, args: [2]

DEBUG   vm:primary_loop  
ControlUnit: IP=6 DataPath: regs = [8, 4, 111, 0, 0, 0, 0, 0, 0, 0, 0, 0, 0, 0, 0, 0]
address: 6, instr: dec, args: [1]

DEBUG   vm:primary_loop  
ControlUnit: IP=7 DataPath: regs = [8, 3, 111, 0, 0, 0, 0, 0, 0, 0, 0, 0, 0, 0, 0, 0]
address: 7, instr: jge, args: [1, 3]

DEBUG   vm:primary_loop  
ControlUnit: IP=3 DataPath: regs = [8, 3, 111, 0, 0, 0, 0, 0, 0, 0, 0, 0, 0, 0, 0, 0]
address: 3, instr: inc, args: [0]

DEBUG   vm:primary_loop  
ControlUnit: IP=4 DataPath: regs = [9, 3, 111, 0, 0, 0, 0, 0, 0, 0, 0, 0, 0, 0, 0, 0]
address: 4, instr: ld, args: [2, 0]

DEBUG   vm:primary_loop  
ControlUnit: IP=5 DataPath: regs = [9, 3, 114, 0, 0, 0, 0, 0, 0, 0, 0, 0, 0, 0, 0, 0]
address: 5, instr: out, args: [2]

DEBUG   vm:primary_loop  
ControlUnit: IP=6 DataPath: regs = [9, 3, 114, 0, 0, 0, 0, 0, 0, 0, 0, 0, 0, 0, 0, 0]
address: 6, instr: dec, args: [1]

DEBUG   vm:primary_loop  
ControlUnit: IP=7 DataPath: regs = [9, 2, 114, 0, 0, 0, 0, 0, 0, 0, 0, 0, 0, 0, 0, 0]
address: 7, instr: jge, args: [1, 3]

DEBUG   vm:primary_loop  
ControlUnit: IP=3 DataPath: regs = [9, 2, 114, 0, 0, 0, 0, 0, 0, 0, 0, 0, 0, 0, 0, 0]
address: 3, instr: inc, args: [0]

DEBUG   vm:primary_loop  
ControlUnit: IP=4 DataPath: regs = [10, 2, 114, 0, 0, 0, 0, 0, 0, 0, 0, 0, 0, 0, 0, 0]
address: 4, instr: ld, args: [2, 0]

DEBUG   vm:primary_loop  
ControlUnit: IP=5 DataPath: regs = [10, 2, 108, 0, 0, 0, 0, 0, 0, 0, 0, 0, 0, 0, 0, 0]
address: 5, instr: out, args: [2]

DEBUG   vm:primary_loop  
ControlUnit: IP=6 DataPath: regs = [10, 2, 108, 0, 0, 0, 0, 0, 0, 0, 0, 0, 0, 0, 0, 0]
address: 6, instr: dec, args: [1]

DEBUG   vm:primary_loop  
ControlUnit: IP=7 DataPath: regs = [10, 1, 108, 0, 0, 0, 0, 0, 0, 0, 0, 0, 0, 0, 0, 0]
address: 7, instr: jge, args: [1, 3]

DEBUG   vm:primary_loop  
ControlUnit: IP=3 DataPath: regs = [10, 1, 108, 0, 0, 0, 0, 0, 0, 0, 0, 0, 0, 0, 0, 0]
address: 3, instr: inc, args: [0]

DEBUG   vm:primary_loop  
ControlUnit: IP=4 DataPath: regs = [11, 1, 108, 0, 0, 0, 0, 0, 0, 0, 0, 0, 0, 0, 0, 0]
address: 4, instr: ld, args: [2, 0]

DEBUG   vm:primary_loop  
ControlUnit: IP=5 DataPath: regs = [11, 1, 100, 0, 0, 0, 0, 0, 0, 0, 0, 0, 0, 0, 0, 0]
address: 5, instr: out, args: [2]

DEBUG   vm:primary_loop  
ControlUnit: IP=6 DataPath: regs = [11, 1, 100, 0, 0, 0, 0, 0, 0, 0, 0, 0, 0, 0, 0, 0]
address: 6, instr: dec, args: [1]

DEBUG   vm:primary_loop  
ControlUnit: IP=7 DataPath: regs = [11, 0, 100, 0, 0, 0, 0, 0, 0, 0, 0, 0, 0, 0, 0, 0]
address: 7, instr: jge, args: [1, 3]

DEBUG   vm:primary_loop  
ControlUnit: IP=3 DataPath: regs = [11, 0, 100, 0, 0, 0, 0, 0, 0, 0, 0, 0, 0, 0, 0, 0]
address: 3, instr: inc, args: [0]

DEBUG   vm:primary_loop  
ControlUnit: IP=4 DataPath: regs = [12, 0, 100, 0, 0, 0, 0, 0, 0, 0, 0, 0, 0, 0, 0, 0]
address: 4, instr: ld, args: [2, 0]

DEBUG   vm:primary_loop  
ControlUnit: IP=5 DataPath: regs = [12, 0, 33, 0, 0, 0, 0, 0, 0, 0, 0, 0, 0, 0, 0, 0]
address: 5, instr: out, args: [2]

DEBUG   vm:primary_loop  
ControlUnit: IP=6 DataPath: regs = [12, 0, 33, 0, 0, 0, 0, 0, 0, 0, 0, 0, 0, 0, 0, 0]
address: 6, instr: dec, args: [1]

DEBUG   vm:primary_loop  
ControlUnit: IP=7 DataPath: regs = [12, -1, 33, 0, 0, 0, 0, 0, 0, 0, 0, 0, 0, 0, 0, 0]
address: 7, instr: jge, args: [1, 3]

DEBUG   vm:primary_loop  
ControlUnit: IP=8 DataPath: regs = [12, -1, 33, 0, 0, 0, 0, 0, 0, 0, 0, 0, 0, 0, 0, 0]
address: 8, instr: hlt, args: []

INFO    vm:simulation    output_buffer: ['H', 'e', 'l', 'l', 'o', ' ', 'W', 'o', 'r', 'l', 'd', '!']
